2015-08-18 18:02:21,752 [8988] ERROR DefaultBootstrap - Failed to create server instance TServer!
System.TypeLoadException: 未能从程序集“Super_StartByConfig”中加载类型“Super_StartByConfig.TelnetServer”。
   在 System.RuntimeTypeHandle.GetTypeByName(String name, Boolean throwOnError, Boolean ignoreCase, Boolean reflectionOnly, StackCrawlMarkHandle stackMark, IntPtr pPrivHostBinder, Boolean loadTypeFromPartialName, ObjectHandleOnStack type)
   在 System.RuntimeTypeHandle.GetTypeByName(String name, Boolean throwOnError, Boolean ignoreCase, Boolean reflectionOnly, StackCrawlMark& stackMark, IntPtr pPrivHostBinder, Boolean loadTypeFromPartialName)
   在 System.RuntimeType.GetType(String typeName, Boolean throwOnError, Boolean ignoreCase, Boolean reflectionOnly, StackCrawlMark& stackMark)
   在 System.Type.GetType(String typeName, Boolean throwOnError)
   在 SuperSocket.SocketEngine.DefaultBootstrap.CreateWorkItemInstance(String serviceTypeName, StatusInfoAttribute[] serverStatusMetadata)
   在 SuperSocket.SocketEngine.DefaultBootstrap.InitializeAndSetupWorkItem(WorkItemFactoryInfo factoryInfo)
2015-08-18 18:02:35,739 [4436] ERROR DefaultBootstrap - Failed to create server instance TelnetServer!
System.TypeLoadException: 未能从程序集“Super_StartByConfig”中加载类型“Super_StartByConfig.TelnetServer”。
   在 System.RuntimeTypeHandle.GetTypeByName(String name, Boolean throwOnError, Boolean ignoreCase, Boolean reflectionOnly, StackCrawlMarkHandle stackMark, IntPtr pPrivHostBinder, Boolean loadTypeFromPartialName, ObjectHandleOnStack type)
   在 System.RuntimeTypeHandle.GetTypeByName(String name, Boolean throwOnError, Boolean ignoreCase, Boolean reflectionOnly, StackCrawlMark& stackMark, IntPtr pPrivHostBinder, Boolean loadTypeFromPartialName)
   在 System.RuntimeType.GetType(String typeName, Boolean throwOnError, Boolean ignoreCase, Boolean reflectionOnly, StackCrawlMark& stackMark)
   在 System.Type.GetType(String typeName, Boolean throwOnError)
   在 SuperSocket.SocketEngine.DefaultBootstrap.CreateWorkItemInstance(String serviceTypeName, StatusInfoAttribute[] serverStatusMetadata)
   在 SuperSocket.SocketEngine.DefaultBootstrap.InitializeAndSetupWorkItem(WorkItemFactoryInfo factoryInfo)
2015-08-18 18:03:07,807 [6288] ERROR DefaultBootstrap - Failed to create server instance TelnetServer!
System.TypeLoadException: 未能从程序集“Super_StartByConfig”中加载类型“Super_StartByConfig.TelnetServer”。
   在 System.RuntimeTypeHandle.GetTypeByName(String name, Boolean throwOnError, Boolean ignoreCase, Boolean reflectionOnly, StackCrawlMarkHandle stackMark, IntPtr pPrivHostBinder, Boolean loadTypeFromPartialName, ObjectHandleOnStack type)
   在 System.RuntimeTypeHandle.GetTypeByName(String name, Boolean throwOnError, Boolean ignoreCase, Boolean reflectionOnly, StackCrawlMark& stackMark, IntPtr pPrivHostBinder, Boolean loadTypeFromPartialName)
   在 System.RuntimeType.GetType(String typeName, Boolean throwOnError, Boolean ignoreCase, Boolean reflectionOnly, StackCrawlMark& stackMark)
   在 System.Type.GetType(String typeName, Boolean throwOnError)
   在 SuperSocket.SocketEngine.DefaultBootstrap.CreateWorkItemInstance(String serviceTypeName, StatusInfoAttribute[] serverStatusMetadata)
   在 SuperSocket.SocketEngine.DefaultBootstrap.InitializeAndSetupWorkItem(WorkItemFactoryInfo factoryInfo)
2015-08-18 18:03:16,371 [6640] ERROR DefaultBootstrap - Failed to create server instance TServer!
System.TypeLoadException: 未能从程序集“Super_StartByConfig”中加载类型“Super_StartByConfig.TelnetServer”。
   在 System.RuntimeTypeHandle.GetTypeByName(String name, Boolean throwOnError, Boolean ignoreCase, Boolean reflectionOnly, StackCrawlMarkHandle stackMark, IntPtr pPrivHostBinder, Boolean loadTypeFromPartialName, ObjectHandleOnStack type)
   在 System.RuntimeTypeHandle.GetTypeByName(String name, Boolean throwOnError, Boolean ignoreCase, Boolean reflectionOnly, StackCrawlMark& stackMark, IntPtr pPrivHostBinder, Boolean loadTypeFromPartialName)
   在 System.RuntimeType.GetType(String typeName, Boolean throwOnError, Boolean ignoreCase, Boolean reflectionOnly, StackCrawlMark& stackMark)
   在 System.Type.GetType(String typeName, Boolean throwOnError)
   在 SuperSocket.SocketEngine.DefaultBootstrap.CreateWorkItemInstance(String serviceTypeName, StatusInfoAttribute[] serverStatusMetadata)
   在 SuperSocket.SocketEngine.DefaultBootstrap.InitializeAndSetupWorkItem(WorkItemFactoryInfo factoryInfo)
2015-08-18 18:04:48,916 [732] ERROR DefaultBootstrap - Failed to create server instance TServer!
System.TypeLoadException: 未能从程序集“Super_StartByConfig”中加载类型“Super_StartByConfig.TelnetServer”。
   在 System.RuntimeTypeHandle.GetTypeByName(String name, Boolean throwOnError, Boolean ignoreCase, Boolean reflectionOnly, StackCrawlMarkHandle stackMark, IntPtr pPrivHostBinder, Boolean loadTypeFromPartialName, ObjectHandleOnStack type)
   在 System.RuntimeTypeHandle.GetTypeByName(String name, Boolean throwOnError, Boolean ignoreCase, Boolean reflectionOnly, StackCrawlMark& stackMark, IntPtr pPrivHostBinder, Boolean loadTypeFromPartialName)
   在 System.RuntimeType.GetType(String typeName, Boolean throwOnError, Boolean ignoreCase, Boolean reflectionOnly, StackCrawlMark& stackMark)
   在 System.Type.GetType(String typeName, Boolean throwOnError)
   在 SuperSocket.SocketEngine.DefaultBootstrap.CreateWorkItemInstance(String serviceTypeName, StatusInfoAttribute[] serverStatusMetadata)
   在 SuperSocket.SocketEngine.DefaultBootstrap.InitializeAndSetupWorkItem(WorkItemFactoryInfo factoryInfo)
