2015-08-18 20:25:16,762 Performance - ---------------------------------------------------
CPU Usage: 0.00%, Physical Memory Usage: 238,407,680.00, Total Thread Count: 29
AvailableWorkingThreads: 32766, AvailableCompletionPortThreads: 1000
MaxWorkingThreads: 32767, MaxCompletionPortThreads: 1000
TServer ----------------------------------
Started Time: 2015/8/18 20:25:16
Is Running: True
Total Connections: 0
Maximum Allowed Connection Number: 50000
Total Handled Requests: 0
Request Handling Speed (#/second): 0
Avialable Sending Queue Items: 8,333
Total Sending Queue Items: 8,333

2015-08-18 20:25:30,759 Performance - ---------------------------------------------------
CPU Usage: 0.00%, Physical Memory Usage: 100,614,144.00, Total Thread Count: 29
AvailableWorkingThreads: 32766, AvailableCompletionPortThreads: 1000
MaxWorkingThreads: 32767, MaxCompletionPortThreads: 1000
TServer ----------------------------------
Started Time: 2015/8/18 20:25:30
Is Running: True
Total Connections: 0
Maximum Allowed Connection Number: 50000
Total Handled Requests: 0
Request Handling Speed (#/second): 0
Avialable Sending Queue Items: 8,333
Total Sending Queue Items: 8,333

